\BOOKMARK [1][-]{section.1}{May 14, 2019}{}% 1
\BOOKMARK [2][-]{subsection.1.1}{Summary of Design Decisions}{section.1}% 2
\BOOKMARK [2][-]{subsection.1.2}{Some specifics}{section.1}% 3
\BOOKMARK [2][-]{subsection.1.3}{Description of file system}{section.1}% 4
\BOOKMARK [2][-]{subsection.1.4}{Software Information}{section.1}% 5
\BOOKMARK [2][-]{subsection.1.5}{Significant Developments}{section.1}% 6
\BOOKMARK [3][-]{subsubsection.1.5.1}{May 14, 2019}{subsection.1.5}% 7
\BOOKMARK [3][-]{subsubsection.1.5.2}{May 15, 2019}{subsection.1.5}% 8
\BOOKMARK [2][-]{subsection.1.6}{May 16, 2019}{section.1}% 9
\BOOKMARK [2][-]{subsection.1.7}{May 21, 2019}{section.1}% 10
\BOOKMARK [2][-]{subsection.1.8}{May 22, 2019}{section.1}% 11
\BOOKMARK [2][-]{subsection.1.9}{May 23, 2019}{section.1}% 12
\BOOKMARK [2][-]{subsection.1.10}{May 28, 2019}{section.1}% 13
\BOOKMARK [2][-]{subsection.1.11}{May 29, 2019}{section.1}% 14
\BOOKMARK [2][-]{subsection.1.12}{May 30, 2019}{section.1}% 15
\BOOKMARK [2][-]{subsection.1.13}{June 4th, 2019}{section.1}% 16
\BOOKMARK [2][-]{subsection.1.14}{June 5th, 2019}{section.1}% 17
\BOOKMARK [2][-]{subsection.1.15}{June 6th, 2019}{section.1}% 18
\BOOKMARK [2][-]{subsection.1.16}{June 11th, 2019}{section.1}% 19
\BOOKMARK [2][-]{subsection.1.17}{June 12th, 2019}{section.1}% 20
\BOOKMARK [2][-]{subsection.1.18}{June 13th, 2019}{section.1}% 21
\BOOKMARK [2][-]{subsection.1.19}{June 18th, 2019}{section.1}% 22
\BOOKMARK [2][-]{subsection.1.20}{June 19th, 2019}{section.1}% 23
\BOOKMARK [2][-]{subsection.1.21}{June 20th, 2019}{section.1}% 24
\BOOKMARK [2][-]{subsection.1.22}{June 25th, 2019}{section.1}% 25
\BOOKMARK [2][-]{subsection.1.23}{June 26th, 2019}{section.1}% 26
\BOOKMARK [2][-]{subsection.1.24}{July 5th, 2019}{section.1}% 27
\BOOKMARK [2][-]{subsection.1.25}{July 15th, 2019}{section.1}% 28
